{"sessionId":"b210d7","hypothesisId":"D","location":"hotspots.js:router.get","message":"backend filter","data":{"reqQuerySources":"twitter","reqQueryKeys":["page","limit","sources"],"srcParam":"twitter","srcCondWhere":" AND (source = 'twitter')"},"timestamp":1772601901171}
{"sessionId":"b210d7","hypothesisId":"D","location":"hotspots.js:router.get:result","message":"backend result","data":{"total":17,"rowsLen":3,"firstSource":"twitter","where":" AND (source = 'twitter')"},"timestamp":1772601901172}
{"sessionId":"b210d7","hypothesisId":"D","location":"hotspots.js:router.get","message":"backend filter","data":{"reqQuerySources":"twitter","reqQueryKeys":["page","limit","sources"],"srcParam":"twitter","srcCondWhere":" AND (source = 'twitter')"},"timestamp":1772601909175}
{"sessionId":"b210d7","hypothesisId":"D","location":"hotspots.js:router.get:result","message":"backend result","data":{"total":17,"rowsLen":2,"firstSource":"twitter","where":" AND (source = 'twitter')"},"timestamp":1772601909176}
{"sessionId":"b210d7","hypothesisId":"D","location":"hotspots.js:router.get","message":"backend filter","data":{"reqQueryKeys":["page","limit","sort"],"srcCondWhere":""},"timestamp":1772601922854}
{"sessionId":"b210d7","hypothesisId":"D","location":"hotspots.js:router.get:result","message":"backend result","data":{"total":49,"rowsLen":20,"firstSource":"devnews:TechCrunch","where":""},"timestamp":1772601922855}
{"sessionId":"b210d7","hypothesisId":"D","location":"hotspots.js:router.get","message":"backend filter","data":{"reqQueryKeys":["page","limit","sort"],"srcCondWhere":""},"timestamp":1772601924193}
{"sessionId":"b210d7","hypothesisId":"D","location":"hotspots.js:router.get:result","message":"backend result","data":{"total":49,"rowsLen":20,"firstSource":"devnews:TechCrunch","where":""},"timestamp":1772601924194}
{"sessionId":"b210d7","hypothesisId":"D","location":"hotspots.js:router.get","message":"backend filter","data":{"reqQueryKeys":["page","limit","sort"],"srcCondWhere":""},"timestamp":1772601925057}
{"sessionId":"b210d7","hypothesisId":"D","location":"hotspots.js:router.get:result","message":"backend result","data":{"total":49,"rowsLen":20,"firstSource":"devnews:TechCrunch","where":""},"timestamp":1772601925057}
{"sessionId":"b210d7","hypothesisId":"D","location":"hotspots.js:router.get","message":"backend filter","data":{"reqQueryKeys":["page","limit","sort"],"srcCondWhere":""},"timestamp":1772601928318}
{"sessionId":"b210d7","hypothesisId":"D","location":"hotspots.js:router.get:result","message":"backend result","data":{"total":49,"rowsLen":20,"firstSource":"devnews:TechCrunch","where":""},"timestamp":1772601928319}
{"sessionId":"b210d7","hypothesisId":"D","location":"hotspots.js:router.get","message":"backend filter","data":{"reqQueryKeys":["limit"],"srcCondWhere":""},"timestamp":1772601965334}
{"sessionId":"b210d7","hypothesisId":"D","location":"hotspots.js:router.get:result","message":"backend result","data":{"total":49,"rowsLen":1,"firstSource":"devnews:TechCrunch","where":""},"timestamp":1772601965335}
{"sessionId":"b210d7","hypothesisId":"D","location":"hotspots.js:router.get","message":"backend filter","data":{"reqQueryKeys":["limit"],"srcCondWhere":""},"timestamp":1772601965650}
{"sessionId":"b210d7","hypothesisId":"D","location":"hotspots.js:router.get:result","message":"backend result","data":{"total":49,"rowsLen":1,"firstSource":"devnews:TechCrunch","where":""},"timestamp":1772601965650}
{"sessionId":"b210d7","hypothesisId":"D","location":"hotspots.js:router.get","message":"backend filter","data":{"reqQueryKeys":["limit","sort"],"srcCondWhere":""},"timestamp":1772601965651}
{"sessionId":"b210d7","hypothesisId":"D","location":"hotspots.js:router.get:result","message":"backend result","data":{"total":49,"rowsLen":6,"firstSource":"devnews:TechCrunch","where":""},"timestamp":1772601965652}
{"sessionId":"b210d7","hypothesisId":"D","location":"hotspots.js:router.get","message":"backend filter","data":{"reqQuerySources":"twitter","reqQueryKeys":["limit","sort","sources"],"srcParam":"twitter","srcCondWhere":" AND (source = 'twitter')"},"timestamp":1772601967350}
{"sessionId":"b210d7","hypothesisId":"D","location":"hotspots.js:router.get:result","message":"backend result","data":{"total":17,"rowsLen":6,"firstSource":"twitter","where":" AND (source = 'twitter')"},"timestamp":1772601967351}
{"sessionId":"b210d7","hypothesisId":"D","location":"hotspots.js:router.get","message":"backend filter","data":{"reqQuerySources":"twitter,reddit","reqQueryKeys":["limit","sort","sources"],"srcParam":"twitter,reddit","srcCondWhere":" AND (source = 'twitter' OR source LIKE 'reddit:%')"},"timestamp":1772601969856}
{"sessionId":"b210d7","hypothesisId":"D","location":"hotspots.js:router.get:result","message":"backend result","data":{"total":17,"rowsLen":6,"firstSource":"twitter","where":" AND (source = 'twitter' OR source LIKE 'reddit:%')"},"timestamp":1772601969858}
{"sessionId":"b210d7","hypothesisId":"D","location":"hotspots.js:router.get","message":"backend filter","data":{"reqQuerySources":"twitter","reqQueryKeys":["limit","sort","sources"],"srcParam":"twitter","srcCondWhere":" AND (source = 'twitter')"},"timestamp":1772601973457}
{"sessionId":"b210d7","hypothesisId":"D","location":"hotspots.js:router.get:result","message":"backend result","data":{"total":17,"rowsLen":6,"firstSource":"twitter","where":" AND (source = 'twitter')"},"timestamp":1772601973457}
{"sessionId":"b210d7","hypothesisId":"D","location":"hotspots.js:router.get","message":"backend filter","data":{"reqQuerySources":"twitter,hackernews","reqQueryKeys":["limit","sort","sources"],"srcParam":"twitter,hackernews","srcCondWhere":" AND (source = 'twitter' OR source = 'hackernews')"},"timestamp":1772601973759}
{"sessionId":"b210d7","hypothesisId":"D","location":"hotspots.js:router.get:result","message":"backend result","data":{"total":48,"rowsLen":6,"firstSource":"hackernews","where":" AND (source = 'twitter' OR source = 'hackernews')"},"timestamp":1772601973760}
{"sessionId":"b210d7","hypothesisId":"D","location":"hotspots.js:router.get","message":"backend filter","data":{"reqQuerySources":"hackernews","reqQueryKeys":["limit","sort","sources"],"srcParam":"hackernews","srcCondWhere":" AND (source = 'hackernews')"},"timestamp":1772601975016}
{"sessionId":"b210d7","hypothesisId":"D","location":"hotspots.js:router.get:result","message":"backend result","data":{"total":31,"rowsLen":6,"firstSource":"hackernews","where":" AND (source = 'hackernews')"},"timestamp":1772601975016}
{"sessionId":"b210d7","hypothesisId":"D","location":"hotspots.js:router.get","message":"backend filter","data":{"reqQueryKeys":["limit","sort"],"srcCondWhere":""},"timestamp":1772601976847}
{"sessionId":"b210d7","hypothesisId":"D","location":"hotspots.js:router.get:result","message":"backend result","data":{"total":49,"rowsLen":6,"firstSource":"devnews:TechCrunch","where":""},"timestamp":1772601976847}
{"sessionId":"b210d7","hypothesisId":"D","location":"hotspots.js:router.get","message":"backend filter","data":{"reqQuerySources":"googlenews","reqQueryKeys":["limit","sort","sources"],"srcParam":"googlenews","srcCondWhere":" AND (source = 'googlenews')"},"timestamp":1772601977853}
{"sessionId":"b210d7","hypothesisId":"D","location":"hotspots.js:router.get:result","message":"backend result","data":{"total":0,"rowsLen":0,"where":" AND (source = 'googlenews')"},"timestamp":1772601977853}
{"sessionId":"b210d7","hypothesisId":"D","location":"hotspots.js:router.get","message":"backend filter","data":{"reqQuerySources":"googlenews,duckduckgo","reqQueryKeys":["limit","sort","sources"],"srcParam":"googlenews,duckduckgo","srcCondWhere":" AND (source = 'googlenews' OR source = 'duckduckgo')"},"timestamp":1772601979423}
{"sessionId":"b210d7","hypothesisId":"D","location":"hotspots.js:router.get:result","message":"backend result","data":{"total":0,"rowsLen":0,"where":" AND (source = 'googlenews' OR source = 'duckduckgo')"},"timestamp":1772601979423}
{"sessionId":"b210d7","hypothesisId":"D","location":"hotspots.js:router.get","message":"backend filter","data":{"reqQuerySources":"duckduckgo","reqQueryKeys":["limit","sort","sources"],"srcParam":"duckduckgo","srcCondWhere":" AND (source = 'duckduckgo')"},"timestamp":1772601980586}
{"sessionId":"b210d7","hypothesisId":"D","location":"hotspots.js:router.get:result","message":"backend result","data":{"total":0,"rowsLen":0,"where":" AND (source = 'duckduckgo')"},"timestamp":1772601980586}
{"sessionId":"b210d7","hypothesisId":"D","location":"hotspots.js:router.get","message":"backend filter","data":{"reqQuerySources":"duckduckgo,huggingface","reqQueryKeys":["limit","sort","sources"],"srcParam":"duckduckgo,huggingface","srcCondWhere":" AND (source = 'duckduckgo' OR source = 'huggingface')"},"timestamp":1772601980835}
{"sessionId":"b210d7","hypothesisId":"D","location":"hotspots.js:router.get:result","message":"backend result","data":{"total":0,"rowsLen":0,"where":" AND (source = 'duckduckgo' OR source = 'huggingface')"},"timestamp":1772601980835}
{"sessionId":"b210d7","hypothesisId":"D","location":"hotspots.js:router.get","message":"backend filter","data":{"reqQuerySources":"huggingface","reqQueryKeys":["limit","sort","sources"],"srcParam":"huggingface","srcCondWhere":" AND (source = 'huggingface')"},"timestamp":1772601981378}
{"sessionId":"b210d7","hypothesisId":"D","location":"hotspots.js:router.get:result","message":"backend result","data":{"total":0,"rowsLen":0,"where":" AND (source = 'huggingface')"},"timestamp":1772601981379}
{"sessionId":"b210d7","hypothesisId":"D","location":"hotspots.js:router.get","message":"backend filter","data":{"reqQueryKeys":["limit","sort"],"srcCondWhere":""},"timestamp":1772601981966}
{"sessionId":"b210d7","hypothesisId":"D","location":"hotspots.js:router.get:result","message":"backend result","data":{"total":49,"rowsLen":6,"firstSource":"devnews:TechCrunch","where":""},"timestamp":1772601981967}
{"sessionId":"b210d7","hypothesisId":"D","location":"hotspots.js:router.get","message":"backend filter","data":{"reqQuerySources":"rss","reqQueryKeys":["limit","sort","sources"],"srcParam":"rss","srcCondWhere":" AND (source LIKE 'rss:%')"},"timestamp":1772601982231}
{"sessionId":"b210d7","hypothesisId":"D","location":"hotspots.js:router.get:result","message":"backend result","data":{"total":0,"rowsLen":0,"where":" AND (source LIKE 'rss:%')"},"timestamp":1772601982231}
{"sessionId":"b210d7","hypothesisId":"D","location":"hotspots.js:router.get","message":"backend filter","data":{"reqQueryKeys":["limit","sort"],"srcCondWhere":""},"timestamp":1772601982934}
{"sessionId":"b210d7","hypothesisId":"D","location":"hotspots.js:router.get:result","message":"backend result","data":{"total":49,"rowsLen":6,"firstSource":"devnews:TechCrunch","where":""},"timestamp":1772601982934}
{"sessionId":"b210d7","hypothesisId":"D","location":"hotspots.js:router.get","message":"backend filter","data":{"reqQuerySources":"devnews","reqQueryKeys":["limit","sort","sources"],"srcParam":"devnews","srcCondWhere":" AND (source LIKE 'devnews:%')"},"timestamp":1772601983852}
{"sessionId":"b210d7","hypothesisId":"D","location":"hotspots.js:router.get:result","message":"backend result","data":{"total":1,"rowsLen":1,"firstSource":"devnews:TechCrunch","where":" AND (source LIKE 'devnews:%')"},"timestamp":1772601983853}
{"sessionId":"b210d7","hypothesisId":"D","location":"hotspots.js:router.get","message":"backend filter","data":{"reqQuerySources":"devnews,twitter","reqQueryKeys":["limit","sort","sources"],"srcParam":"devnews,twitter","srcCondWhere":" AND (source LIKE 'devnews:%' OR source = 'twitter')"},"timestamp":1772601985685}
{"sessionId":"b210d7","hypothesisId":"D","location":"hotspots.js:router.get:result","message":"backend result","data":{"total":18,"rowsLen":6,"firstSource":"devnews:TechCrunch","where":" AND (source LIKE 'devnews:%' OR source = 'twitter')"},"timestamp":1772601985686}
{"sessionId":"b210d7","hypothesisId":"D","location":"hotspots.js:router.get","message":"backend filter","data":{"reqQuerySources":"devnews,twitter,reddit","reqQueryKeys":["limit","sort","sources"],"srcParam":"devnews,twitter,reddit","srcCondWhere":" AND (source LIKE 'devnews:%' OR source = 'twitter' OR source LIKE 'reddit:%')"},"timestamp":1772601988969}
{"sessionId":"b210d7","hypothesisId":"D","location":"hotspots.js:router.get:result","message":"backend result","data":{"total":18,"rowsLen":6,"firstSource":"devnews:TechCrunch","where":" AND (source LIKE 'devnews:%' OR source = 'twitter' OR source LIKE 'reddit:%')"},"timestamp":1772601988970}
{"sessionId":"b210d7","hypothesisId":"D","location":"hotspots.js:router.get","message":"backend filter","data":{"reqQuerySources":"devnews,twitter","reqQueryKeys":["limit","sort","sources"],"srcParam":"devnews,twitter","srcCondWhere":" AND (source LIKE 'devnews:%' OR source = 'twitter')"},"timestamp":1772601991547}
{"sessionId":"b210d7","hypothesisId":"D","location":"hotspots.js:router.get:result","message":"backend result","data":{"total":18,"rowsLen":6,"firstSource":"devnews:TechCrunch","where":" AND (source LIKE 'devnews:%' OR source = 'twitter')"},"timestamp":1772601991548}
{"sessionId":"b210d7","hypothesisId":"D","location":"hotspots.js:router.get","message":"backend filter","data":{"reqQuerySources":"devnews","reqQueryKeys":["limit","sort","sources"],"srcParam":"devnews","srcCondWhere":" AND (source LIKE 'devnews:%')"},"timestamp":1772601992282}
{"sessionId":"b210d7","hypothesisId":"D","location":"hotspots.js:router.get:result","message":"backend result","data":{"total":1,"rowsLen":1,"firstSource":"devnews:TechCrunch","where":" AND (source LIKE 'devnews:%')"},"timestamp":1772601992282}
{"sessionId":"b210d7","hypothesisId":"D","location":"hotspots.js:router.get","message":"backend filter","data":{"reqQueryKeys":["page","limit","sort"],"srcCondWhere":""},"timestamp":1772601994755}
{"sessionId":"b210d7","hypothesisId":"D","location":"hotspots.js:router.get:result","message":"backend result","data":{"total":49,"rowsLen":20,"firstSource":"devnews:TechCrunch","where":""},"timestamp":1772601994756}
{"sessionId":"b210d7","hypothesisId":"D","location":"hotspots.js:router.get","message":"backend filter","data":{"reqQueryKeys":["limit"],"srcCondWhere":""},"timestamp":1772601995464}
{"sessionId":"b210d7","hypothesisId":"D","location":"hotspots.js:router.get:result","message":"backend result","data":{"total":49,"rowsLen":1,"firstSource":"devnews:TechCrunch","where":""},"timestamp":1772601995464}
{"sessionId":"b210d7","hypothesisId":"D","location":"hotspots.js:router.get","message":"backend filter","data":{"reqQueryKeys":["limit"],"srcCondWhere":""},"timestamp":1772601995466}
{"sessionId":"b210d7","hypothesisId":"D","location":"hotspots.js:router.get:result","message":"backend result","data":{"total":49,"rowsLen":1,"firstSource":"devnews:TechCrunch","where":""},"timestamp":1772601995466}
{"sessionId":"b210d7","hypothesisId":"D","location":"hotspots.js:router.get","message":"backend filter","data":{"reqQueryKeys":["page","limit","sort"],"srcCondWhere":""},"timestamp":1772601995824}
{"sessionId":"b210d7","hypothesisId":"D","location":"hotspots.js:router.get:result","message":"backend result","data":{"total":49,"rowsLen":20,"firstSource":"devnews:TechCrunch","where":""},"timestamp":1772601995824}
{"sessionId":"b210d7","hypothesisId":"D","location":"hotspots.js:router.get","message":"backend filter","data":{"reqQueryKeys":["limit"],"srcCondWhere":""},"timestamp":1772601995911}
{"sessionId":"b210d7","hypothesisId":"D","location":"hotspots.js:router.get:result","message":"backend result","data":{"total":49,"rowsLen":1,"firstSource":"devnews:TechCrunch","where":""},"timestamp":1772601995912}
{"sessionId":"b210d7","hypothesisId":"D","location":"hotspots.js:router.get","message":"backend filter","data":{"reqQueryKeys":["limit"],"srcCondWhere":""},"timestamp":1772601996215}
{"sessionId":"b210d7","hypothesisId":"D","location":"hotspots.js:router.get:result","message":"backend result","data":{"total":49,"rowsLen":1,"firstSource":"devnews:TechCrunch","where":""},"timestamp":1772601996216}
{"sessionId":"b210d7","hypothesisId":"D","location":"hotspots.js:router.get","message":"backend filter","data":{"reqQueryKeys":["page","limit","sort"],"srcCondWhere":""},"timestamp":1772601996570}
{"sessionId":"b210d7","hypothesisId":"D","location":"hotspots.js:router.get:result","message":"backend result","data":{"total":49,"rowsLen":20,"firstSource":"devnews:TechCrunch","where":""},"timestamp":1772601996570}
{"sessionId":"b210d7","hypothesisId":"D","location":"hotspots.js:router.get","message":"backend filter","data":{"reqQueryKeys":["limit"],"srcCondWhere":""},"timestamp":1772601999708}
{"sessionId":"b210d7","hypothesisId":"D","location":"hotspots.js:router.get:result","message":"backend result","data":{"total":49,"rowsLen":1,"firstSource":"devnews:TechCrunch","where":""},"timestamp":1772601999708}
{"sessionId":"b210d7","hypothesisId":"D","location":"hotspots.js:router.get","message":"backend filter","data":{"reqQueryKeys":["limit"],"srcCondWhere":""},"timestamp":1772601999710}
{"sessionId":"b210d7","hypothesisId":"D","location":"hotspots.js:router.get:result","message":"backend result","data":{"total":49,"rowsLen":1,"firstSource":"devnews:TechCrunch","where":""},"timestamp":1772601999710}
{"sessionId":"b210d7","hypothesisId":"D","location":"hotspots.js:router.get","message":"backend filter","data":{"reqQueryKeys":["limit","sort"],"srcCondWhere":""},"timestamp":1772602000016}
{"sessionId":"b210d7","hypothesisId":"D","location":"hotspots.js:router.get:result","message":"backend result","data":{"total":49,"rowsLen":6,"firstSource":"devnews:TechCrunch","where":""},"timestamp":1772602000016}
{"sessionId":"b210d7","hypothesisId":"D","location":"hotspots.js:router.get","message":"backend filter","data":{"reqQueryKeys":["page","limit","sort"],"srcCondWhere":""},"timestamp":1772602013569}
{"sessionId":"b210d7","hypothesisId":"D","location":"hotspots.js:router.get:result","message":"backend result","data":{"total":49,"rowsLen":20,"firstSource":"devnews:TechCrunch","where":""},"timestamp":1772602013570}
{"sessionId":"b210d7","hypothesisId":"D","location":"hotspots.js:router.get","message":"backend filter","data":{"reqQueryKeys":["page","limit","sort"],"srcCondWhere":""},"timestamp":1772602017449}
{"sessionId":"b210d7","hypothesisId":"D","location":"hotspots.js:router.get:result","message":"backend result","data":{"total":49,"rowsLen":20,"firstSource":"hackernews","where":""},"timestamp":1772602017450}
{"sessionId":"b210d7","hypothesisId":"D","location":"hotspots.js:router.get","message":"backend filter","data":{"reqQueryKeys":["page","limit","sort"],"srcCondWhere":""},"timestamp":1772602019727}
{"sessionId":"b210d7","hypothesisId":"D","location":"hotspots.js:router.get:result","message":"backend result","data":{"total":49,"rowsLen":20,"firstSource":"devnews:TechCrunch","where":""},"timestamp":1772602019728}
{"sessionId":"b210d7","hypothesisId":"D","location":"hotspots.js:router.get","message":"backend filter","data":{"reqQueryKeys":["page","limit","sort","keyword"],"srcCondWhere":""},"timestamp":1772602023029}
{"sessionId":"b210d7","hypothesisId":"D","location":"hotspots.js:router.get:result","message":"backend result","data":{"total":16,"rowsLen":16,"firstSource":"devnews:TechCrunch","where":" AND (matched_keywords LIKE ?)"},"timestamp":1772602023030}
{"sessionId":"b210d7","hypothesisId":"D","location":"hotspots.js:router.get","message":"backend filter","data":{"reqQueryKeys":["page","limit","sort"],"srcCondWhere":""},"timestamp":1772602030236}
{"sessionId":"b210d7","hypothesisId":"D","location":"hotspots.js:router.get:result","message":"backend result","data":{"total":49,"rowsLen":20,"firstSource":"devnews:TechCrunch","where":""},"timestamp":1772602030237}
{"sessionId":"b210d7","hypothesisId":"D","location":"hotspots.js:router.get","message":"backend filter","data":{"reqQueryKeys":["page","limit","sort","timeRange"],"srcCondWhere":""},"timestamp":1772602034408}
{"sessionId":"b210d7","hypothesisId":"D","location":"hotspots.js:router.get:result","message":"backend result","data":{"total":5,"rowsLen":5,"firstSource":"devnews:TechCrunch","where":" AND COALESCE(published_at, created_at) >= ? AND COALESCE(published_at, created_at) <= ?"},"timestamp":1772602034409}
{"sessionId":"b210d7","hypothesisId":"D","location":"hotspots.js:router.get","message":"backend filter","data":{"reqQueryKeys":["page","limit","sort","timeRange","authenticity"],"srcCondWhere":""},"timestamp":1772602037935}
{"sessionId":"b210d7","hypothesisId":"D","location":"hotspots.js:router.get:result","message":"backend result","data":{"total":0,"rowsLen":0,"where":" AND COALESCE(published_at, created_at) >= ? AND COALESCE(published_at, created_at) <= ? AND authenticity = ?"},"timestamp":1772602037936}
{"sessionId":"b210d7","hypothesisId":"D","location":"hotspots.js:router.get","message":"backend filter","data":{"reqQueryKeys":["page","limit","sort","timeRange","authenticity"],"srcCondWhere":""},"timestamp":1772602039877}
{"sessionId":"b210d7","hypothesisId":"D","location":"hotspots.js:router.get:result","message":"backend result","data":{"total":0,"rowsLen":0,"where":" AND COALESCE(published_at, created_at) >= ? AND COALESCE(published_at, created_at) <= ? AND authenticity = ?"},"timestamp":1772602039878}
{"sessionId":"b210d7","hypothesisId":"D","location":"hotspots.js:router.get","message":"backend filter","data":{"reqQueryKeys":["page","limit","sort","timeRange"],"srcCondWhere":""},"timestamp":1772602040788}
{"sessionId":"b210d7","hypothesisId":"D","location":"hotspots.js:router.get:result","message":"backend result","data":{"total":5,"rowsLen":5,"firstSource":"devnews:TechCrunch","where":" AND COALESCE(published_at, created_at) >= ? AND COALESCE(published_at, created_at) <= ?"},"timestamp":1772602040789}
{"sessionId":"b210d7","hypothesisId":"D","location":"hotspots.js:router.get","message":"backend filter","data":{"reqQueryKeys":["page","limit","sort","timeRange","relevanceMin","relevanceMax"],"srcCondWhere":""},"timestamp":1772602044561}
{"sessionId":"b210d7","hypothesisId":"D","location":"hotspots.js:router.get:result","message":"backend result","data":{"total":5,"rowsLen":5,"firstSource":"devnews:TechCrunch","where":" AND COALESCE(published_at, created_at) >= ? AND COALESCE(published_at, created_at) <= ? AND COALESCE(relevance_score, 0) >= ? AND COALESCE(relevance_score, 0) <= ?"},"timestamp":1772602044562}
{"sessionId":"b210d7","hypothesisId":"D","location":"hotspots.js:router.get","message":"backend filter","data":{"reqQueryKeys":["page","limit","sort","timeRange","relevanceMin","relevanceMax"],"srcCondWhere":""},"timestamp":1772602045460}
{"sessionId":"b210d7","hypothesisId":"D","location":"hotspots.js:router.get:result","message":"backend result","data":{"total":0,"rowsLen":0,"where":" AND COALESCE(published_at, created_at) >= ? AND COALESCE(published_at, created_at) <= ? AND COALESCE(relevance_score, 0) >= ? AND COALESCE(relevance_score, 0) <= ?"},"timestamp":1772602045461}
{"sessionId":"b210d7","hypothesisId":"D","location":"hotspots.js:router.get","message":"backend filter","data":{"reqQueryKeys":["page","limit","sort","timeRange"],"srcCondWhere":""},"timestamp":1772602047178}
{"sessionId":"b210d7","hypothesisId":"D","location":"hotspots.js:router.get:result","message":"backend result","data":{"total":5,"rowsLen":5,"firstSource":"devnews:TechCrunch","where":" AND COALESCE(published_at, created_at) >= ? AND COALESCE(published_at, created_at) <= ?"},"timestamp":1772602047178}
{"sessionId":"b210d7","hypothesisId":"D","location":"hotspots.js:router.get","message":"backend filter","data":{"reqQueryKeys":["page","limit","sort","timeRange","importance"],"srcCondWhere":""},"timestamp":1772602054332}
{"sessionId":"b210d7","hypothesisId":"D","location":"hotspots.js:router.get:result","message":"backend result","data":{"total":0,"rowsLen":0,"where":" AND COALESCE(published_at, created_at) >= ? AND COALESCE(published_at, created_at) <= ? AND importance IN (?)"},"timestamp":1772602054332}
{"sessionId":"b210d7","hypothesisId":"D","location":"hotspots.js:router.get","message":"backend filter","data":{"reqQueryKeys":["page","limit","sort","timeRange"],"srcCondWhere":""},"timestamp":1772602055549}
{"sessionId":"b210d7","hypothesisId":"D","location":"hotspots.js:router.get:result","message":"backend result","data":{"total":5,"rowsLen":5,"firstSource":"devnews:TechCrunch","where":" AND COALESCE(published_at, created_at) >= ? AND COALESCE(published_at, created_at) <= ?"},"timestamp":1772602055549}
{"sessionId":"b210d7","hypothesisId":"D","location":"hotspots.js:router.get","message":"backend filter","data":{"reqQueryKeys":["page","limit","sort","timeRange","importance"],"srcCondWhere":""},"timestamp":1772602055814}
{"sessionId":"b210d7","hypothesisId":"D","location":"hotspots.js:router.get:result","message":"backend result","data":{"total":0,"rowsLen":0,"where":" AND COALESCE(published_at, created_at) >= ? AND COALESCE(published_at, created_at) <= ? AND importance IN (?)"},"timestamp":1772602055815}
{"sessionId":"b210d7","hypothesisId":"D","location":"hotspots.js:router.get","message":"backend filter","data":{"reqQueryKeys":["page","limit","sort","timeRange"],"srcCondWhere":""},"timestamp":1772602056708}
{"sessionId":"b210d7","hypothesisId":"D","location":"hotspots.js:router.get:result","message":"backend result","data":{"total":5,"rowsLen":5,"firstSource":"devnews:TechCrunch","where":" AND COALESCE(published_at, created_at) >= ? AND COALESCE(published_at, created_at) <= ?"},"timestamp":1772602056709}
{"sessionId":"b210d7","hypothesisId":"D","location":"hotspots.js:router.get","message":"backend filter","data":{"reqQueryKeys":["page","limit","sort","timeRange","importance"],"srcCondWhere":""},"timestamp":1772602057389}
{"sessionId":"b210d7","hypothesisId":"D","location":"hotspots.js:router.get:result","message":"backend result","data":{"total":0,"rowsLen":0,"where":" AND COALESCE(published_at, created_at) >= ? AND COALESCE(published_at, created_at) <= ? AND importance IN (?)"},"timestamp":1772602057389}
{"sessionId":"b210d7","hypothesisId":"D","location":"hotspots.js:router.get","message":"backend filter","data":{"reqQueryKeys":["page","limit","sort","timeRange"],"srcCondWhere":""},"timestamp":1772602057639}
{"sessionId":"b210d7","hypothesisId":"D","location":"hotspots.js:router.get:result","message":"backend result","data":{"total":5,"rowsLen":5,"firstSource":"devnews:TechCrunch","where":" AND COALESCE(published_at, created_at) >= ? AND COALESCE(published_at, created_at) <= ?"},"timestamp":1772602057640}
{"sessionId":"b210d7","hypothesisId":"D","location":"hotspots.js:router.get","message":"backend filter","data":{"reqQueryKeys":["page","limit","sort","timeRange","importance"],"srcCondWhere":""},"timestamp":1772602058261}
{"sessionId":"b210d7","hypothesisId":"D","location":"hotspots.js:router.get:result","message":"backend result","data":{"total":0,"rowsLen":0,"where":" AND COALESCE(published_at, created_at) >= ? AND COALESCE(published_at, created_at) <= ? AND importance IN (?)"},"timestamp":1772602058262}
{"sessionId":"b210d7","hypothesisId":"D","location":"hotspots.js:router.get","message":"backend filter","data":{"reqQueryKeys":["page","limit","sort","timeRange"],"srcCondWhere":""},"timestamp":1772602059273}
{"sessionId":"b210d7","hypothesisId":"D","location":"hotspots.js:router.get:result","message":"backend result","data":{"total":5,"rowsLen":5,"firstSource":"devnews:TechCrunch","where":" AND COALESCE(published_at, created_at) >= ? AND COALESCE(published_at, created_at) <= ?"},"timestamp":1772602059274}
{"sessionId":"b210d7","hypothesisId":"D","location":"hotspots.js:router.get","message":"backend filter","data":{"reqQueryKeys":["page","limit","sort","timeRange","importance"],"srcCondWhere":""},"timestamp":1772602059541}
{"sessionId":"b210d7","hypothesisId":"D","location":"hotspots.js:router.get:result","message":"backend result","data":{"total":0,"rowsLen":0,"where":" AND COALESCE(published_at, created_at) >= ? AND COALESCE(published_at, created_at) <= ? AND importance IN (?)"},"timestamp":1772602059542}
{"sessionId":"b210d7","hypothesisId":"D","location":"hotspots.js:router.get","message":"backend filter","data":{"reqQueryKeys":["page","limit","sort","timeRange"],"srcCondWhere":""},"timestamp":1772602060431}
{"sessionId":"b210d7","hypothesisId":"D","location":"hotspots.js:router.get:result","message":"backend result","data":{"total":5,"rowsLen":5,"firstSource":"devnews:TechCrunch","where":" AND COALESCE(published_at, created_at) >= ? AND COALESCE(published_at, created_at) <= ?"},"timestamp":1772602060431}
{"sessionId":"b210d7","hypothesisId":"D","location":"hotspots.js:router.get","message":"backend filter","data":{"reqQueryKeys":["limit"],"srcCondWhere":""},"timestamp":1772602609758}
{"sessionId":"b210d7","hypothesisId":"D","location":"hotspots.js:router.get:result","message":"backend result","data":{"total":50,"rowsLen":1,"firstSource":"twitter","where":""},"timestamp":1772602609758}
{"sessionId":"b210d7","hypothesisId":"D","location":"hotspots.js:router.get","message":"backend filter","data":{"reqQueryKeys":["limit"],"srcCondWhere":""},"timestamp":1772602609760}
{"sessionId":"b210d7","hypothesisId":"D","location":"hotspots.js:router.get:result","message":"backend result","data":{"total":50,"rowsLen":1,"firstSource":"twitter","where":""},"timestamp":1772602609761}
{"sessionId":"b210d7","hypothesisId":"D","location":"hotspots.js:router.get","message":"backend filter","data":{"reqQueryKeys":["limit","sort"],"srcCondWhere":""},"timestamp":1772602610068}
{"sessionId":"b210d7","hypothesisId":"D","location":"hotspots.js:router.get:result","message":"backend result","data":{"total":50,"rowsLen":6,"firstSource":"twitter","where":""},"timestamp":1772602610068}
{"sessionId":"b210d7","hypothesisId":"D","location":"hotspots.js:router.get","message":"backend filter","data":{"reqQueryKeys":["limit"],"srcCondWhere":""},"timestamp":1772602804950}
{"sessionId":"b210d7","hypothesisId":"D","location":"hotspots.js:router.get:result","message":"backend result","data":{"total":50,"rowsLen":1,"firstSource":"twitter","where":""},"timestamp":1772602804951}
{"sessionId":"b210d7","hypothesisId":"D","location":"hotspots.js:router.get","message":"backend filter","data":{"reqQueryKeys":["limit"],"srcCondWhere":""},"timestamp":1772602805265}
{"sessionId":"b210d7","hypothesisId":"D","location":"hotspots.js:router.get:result","message":"backend result","data":{"total":50,"rowsLen":1,"firstSource":"twitter","where":""},"timestamp":1772602805266}
{"sessionId":"b210d7","hypothesisId":"D","location":"hotspots.js:router.get","message":"backend filter","data":{"reqQueryKeys":["limit","sort"],"srcCondWhere":""},"timestamp":1772602805266}
{"sessionId":"b210d7","hypothesisId":"D","location":"hotspots.js:router.get:result","message":"backend result","data":{"total":50,"rowsLen":9,"firstSource":"twitter","where":""},"timestamp":1772602805267}
{"sessionId":"b210d7","hypothesisId":"D","location":"hotspots.js:router.get","message":"backend filter","data":{"reqQueryKeys":["page","limit","sort"],"srcCondWhere":""},"timestamp":1772602817576}
{"sessionId":"b210d7","hypothesisId":"D","location":"hotspots.js:router.get:result","message":"backend result","data":{"total":50,"rowsLen":20,"firstSource":"twitter","where":""},"timestamp":1772602817577}
{"sessionId":"b210d7","hypothesisId":"D","location":"hotspots.js:router.get","message":"backend filter","data":{"reqQueryKeys":["page","limit","sort"],"srcCondWhere":""},"timestamp":1772602931254}
{"sessionId":"b210d7","hypothesisId":"D","location":"hotspots.js:router.get:result","message":"backend result","data":{"total":50,"rowsLen":20,"firstSource":"twitter","where":""},"timestamp":1772602931255}
{"sessionId":"b210d7","hypothesisId":"D","location":"hotspots.js:router.get","message":"backend filter","data":{"reqQuerySources":"devnews","reqQueryKeys":["page","limit","sort","sources"],"srcParam":"devnews","srcCondWhere":" AND (source LIKE 'devnews:%')"},"timestamp":1772603085493}
{"sessionId":"b210d7","hypothesisId":"D","location":"hotspots.js:router.get:result","message":"backend result","data":{"total":1,"rowsLen":1,"firstSource":"devnews:TechCrunch","where":" AND (source LIKE 'devnews:%')"},"timestamp":1772603085494}
{"sessionId":"b210d7","hypothesisId":"D","location":"hotspots.js:router.get","message":"backend filter","data":{"reqQueryKeys":["page","limit","sort"],"srcCondWhere":""},"timestamp":1772603087312}
{"sessionId":"b210d7","hypothesisId":"D","location":"hotspots.js:router.get:result","message":"backend result","data":{"total":50,"rowsLen":20,"firstSource":"twitter","where":""},"timestamp":1772603087313}
{"sessionId":"b210d7","hypothesisId":"D","location":"hotspots.js:router.get","message":"backend filter","data":{"reqQuerySources":"twitter","reqQueryKeys":["page","limit","sort","sources"],"srcParam":"twitter","srcCondWhere":" AND (source = 'twitter')"},"timestamp":1772603088570}
{"sessionId":"b210d7","hypothesisId":"D","location":"hotspots.js:router.get:result","message":"backend result","data":{"total":18,"rowsLen":18,"firstSource":"twitter","where":" AND (source = 'twitter')"},"timestamp":1772603088571}
{"sessionId":"b210d7","hypothesisId":"D","location":"hotspots.js:router.get","message":"backend filter","data":{"reqQueryKeys":["page","limit","sort"],"srcCondWhere":""},"timestamp":1772603091448}
{"sessionId":"b210d7","hypothesisId":"D","location":"hotspots.js:router.get:result","message":"backend result","data":{"total":50,"rowsLen":20,"firstSource":"twitter","where":""},"timestamp":1772603091448}
{"sessionId":"b210d7","hypothesisId":"D","location":"hotspots.js:router.get","message":"backend filter","data":{"reqQueryKeys":["page","limit","sort","timeRange"],"srcCondWhere":""},"timestamp":1772603102927}
{"sessionId":"b210d7","hypothesisId":"D","location":"hotspots.js:router.get:result","message":"backend result","data":{"total":50,"rowsLen":20,"firstSource":"twitter","where":""},"timestamp":1772603102928}
{"sessionId":"b210d7","hypothesisId":"D","location":"hotspots.js:router.get","message":"backend filter","data":{"reqQueryKeys":["page","limit","sort"],"srcCondWhere":""},"timestamp":1772603112597}
{"sessionId":"b210d7","hypothesisId":"D","location":"hotspots.js:router.get:result","message":"backend result","data":{"total":50,"rowsLen":20,"firstSource":"twitter","where":""},"timestamp":1772603112597}
{"sessionId":"b210d7","hypothesisId":"D","location":"hotspots.js:router.get","message":"backend filter","data":{"reqQueryKeys":["page","limit","sort","timeRange"],"srcCondWhere":""},"timestamp":1772603126741}
{"sessionId":"b210d7","hypothesisId":"D","location":"hotspots.js:router.get:result","message":"backend result","data":{"total":50,"rowsLen":20,"firstSource":"twitter","where":""},"timestamp":1772603126741}
{"sessionId":"b210d7","hypothesisId":"D","location":"hotspots.js:router.get","message":"backend filter","data":{"reqQueryKeys":["page","limit","sort","timeRange","dateFrom"],"srcCondWhere":""},"timestamp":1772603285859}
{"sessionId":"b210d7","hypothesisId":"D","location":"hotspots.js:router.get:result","message":"backend result","data":{"total":10,"rowsLen":10,"firstSource":"devnews:TechCrunch","where":" AND COALESCE(published_at, created_at) >= ? AND COALESCE(published_at, created_at) <= ?"},"timestamp":1772603285860}
{"sessionId":"b210d7","hypothesisId":"D","location":"hotspots.js:router.get","message":"backend filter","data":{"reqQueryKeys":["page","limit","sort","timeRange","dateFrom","dateTo"],"srcCondWhere":""},"timestamp":1772603288801}
{"sessionId":"b210d7","hypothesisId":"D","location":"hotspots.js:router.get:result","message":"backend result","data":{"total":10,"rowsLen":10,"firstSource":"devnews:TechCrunch","where":" AND COALESCE(published_at, created_at) >= ? AND COALESCE(published_at, created_at) <= ?"},"timestamp":1772603288801}
{"sessionId":"b210d7","hypothesisId":"D","location":"hotspots.js:router.get","message":"backend filter","data":{"reqQueryKeys":["page","limit","sort","timeRange","dateFrom","dateTo"],"srcCondWhere":""},"timestamp":1772603292256}
{"sessionId":"b210d7","hypothesisId":"D","location":"hotspots.js:router.get:result","message":"backend result","data":{"total":10,"rowsLen":10,"firstSource":"devnews:TechCrunch","where":" AND COALESCE(published_at, created_at) >= ? AND COALESCE(published_at, created_at) <= ?"},"timestamp":1772603292257}
{"sessionId":"b210d7","hypothesisId":"D","location":"hotspots.js:router.get","message":"backend filter","data":{"reqQueryKeys":["page","limit","sort","timeRange","dateFrom","dateTo"],"srcCondWhere":""},"timestamp":1772603467208}
{"sessionId":"b210d7","hypothesisId":"D","location":"hotspots.js:router.get:result","message":"backend result","data":{"total":10,"rowsLen":10,"firstSource":"devnews:TechCrunch","where":" AND COALESCE(published_at, created_at) >= ? AND COALESCE(published_at, created_at) <= ?"},"timestamp":1772603467209}
{"sessionId":"b210d7","hypothesisId":"D","location":"hotspots.js:router.get","message":"backend filter","data":{"reqQueryKeys":["page","limit","sort"],"srcCondWhere":""},"timestamp":1772603468395}
{"sessionId":"b210d7","hypothesisId":"D","location":"hotspots.js:router.get:result","message":"backend result","data":{"total":50,"rowsLen":20,"firstSource":"twitter","where":""},"timestamp":1772603468396}
{"sessionId":"b210d7","hypothesisId":"D","location":"hotspots.js:router.get","message":"backend filter","data":{"reqQueryKeys":["page","limit","sort"],"srcCondWhere":""},"timestamp":1772603468403}
{"sessionId":"b210d7","hypothesisId":"D","location":"hotspots.js:router.get:result","message":"backend result","data":{"total":50,"rowsLen":20,"firstSource":"twitter","where":""},"timestamp":1772603468404}
{"sessionId":"b210d7","hypothesisId":"D","location":"hotspots.js:router.get","message":"backend filter","data":{"reqQueryKeys":["page","limit","sort"],"srcCondWhere":""},"timestamp":1772603469367}
{"sessionId":"b210d7","hypothesisId":"D","location":"hotspots.js:router.get:result","message":"backend result","data":{"total":50,"rowsLen":20,"firstSource":"twitter","where":""},"timestamp":1772603469368}
{"sessionId":"b210d7","hypothesisId":"D","location":"hotspots.js:router.get","message":"backend filter","data":{"reqQueryKeys":["page","limit","sort","timeRange"],"srcCondWhere":""},"timestamp":1772604233298}
{"sessionId":"b210d7","hypothesisId":"D","location":"hotspots.js:router.get:result","message":"backend result","data":{"total":50,"rowsLen":20,"firstSource":"twitter","where":""},"timestamp":1772604233299}
{"sessionId":"b210d7","hypothesisId":"D","location":"hotspots.js:router.get","message":"backend filter","data":{"reqQueryKeys":["page","limit","sort","timeRange","dateFrom"],"srcCondWhere":""},"timestamp":1772604238488}
{"sessionId":"b210d7","hypothesisId":"D","location":"hotspots.js:router.get:result","message":"backend result","data":{"total":0,"rowsLen":0,"where":" AND COALESCE(published_at, created_at) >= ? AND COALESCE(published_at, created_at) <= ?"},"timestamp":1772604238488}
{"sessionId":"b210d7","hypothesisId":"D","location":"hotspots.js:router.get","message":"backend filter","data":{"reqQueryKeys":["page","limit","sort","timeRange"],"srcCondWhere":""},"timestamp":1772604252178}
{"sessionId":"b210d7","hypothesisId":"D","location":"hotspots.js:router.get:result","message":"backend result","data":{"total":50,"rowsLen":20,"firstSource":"twitter","where":""},"timestamp":1772604252178}
{"sessionId":"b210d7","hypothesisId":"D","location":"hotspots.js:router.get","message":"backend filter","data":{"reqQueryKeys":["page","limit","sort","timeRange"],"srcCondWhere":""},"timestamp":1772604317954}
{"sessionId":"b210d7","hypothesisId":"D","location":"hotspots.js:router.get:result","message":"backend result","data":{"total":50,"rowsLen":20,"firstSource":"twitter","where":""},"timestamp":1772604317955}
{"sessionId":"b210d7","hypothesisId":"D","location":"hotspots.js:router.get","message":"backend filter","data":{"reqQueryKeys":["page","limit","sort","timeRange","dateFrom"],"srcCondWhere":""},"timestamp":1772604330222}
{"sessionId":"b210d7","hypothesisId":"D","location":"hotspots.js:router.get:result","message":"backend result","data":{"total":0,"rowsLen":0,"where":" AND COALESCE(published_at, created_at) >= ? AND COALESCE(published_at, created_at) <= ?"},"timestamp":1772604330222}
{"sessionId":"b210d7","hypothesisId":"D","location":"hotspots.js:router.get","message":"backend filter","data":{"reqQueryKeys":["page","limit","sort","timeRange","dateFrom"],"srcCondWhere":""},"timestamp":1772604332400}
{"sessionId":"b210d7","hypothesisId":"D","location":"hotspots.js:router.get:result","message":"backend result","data":{"total":0,"rowsLen":0,"where":" AND COALESCE(published_at, created_at) >= ? AND COALESCE(published_at, created_at) <= ?"},"timestamp":1772604332401}
{"sessionId":"b210d7","hypothesisId":"D","location":"hotspots.js:router.get","message":"backend filter","data":{"reqQueryKeys":["page","limit","sort","timeRange","dateFrom","dateTo"],"srcCondWhere":""},"timestamp":1772604339239}
{"sessionId":"b210d7","hypothesisId":"D","location":"hotspots.js:router.get:result","message":"backend result","data":{"total":0,"rowsLen":0,"where":" AND COALESCE(published_at, created_at) >= ? AND COALESCE(published_at, created_at) <= ?"},"timestamp":1772604339240}
{"sessionId":"b210d7","hypothesisId":"D","location":"hotspots.js:router.get","message":"backend filter","data":{"reqQueryKeys":["page","limit","sort","timeRange","dateFrom","dateTo"],"srcCondWhere":""},"timestamp":1772604340897}
{"sessionId":"b210d7","hypothesisId":"D","location":"hotspots.js:router.get:result","message":"backend result","data":{"total":0,"rowsLen":0,"where":" AND COALESCE(published_at, created_at) >= ? AND COALESCE(published_at, created_at) <= ?"},"timestamp":1772604340898}
{"sessionId":"b210d7","hypothesisId":"D","location":"hotspots.js:router.get","message":"backend filter","data":{"reqQueryKeys":["page","limit","sort"],"srcCondWhere":""},"timestamp":1772604373558}
{"sessionId":"b210d7","hypothesisId":"D","location":"hotspots.js:router.get:result","message":"backend result","data":{"total":50,"rowsLen":20,"firstSource":"twitter","where":""},"timestamp":1772604373559}
{"sessionId":"b210d7","hypothesisId":"D","location":"hotspots.js:router.get","message":"backend filter","data":{"reqQueryKeys":["page","limit","sort","importance"],"srcCondWhere":""},"timestamp":1772604378547}
{"sessionId":"b210d7","hypothesisId":"D","location":"hotspots.js:router.get:result","message":"backend result","data":{"total":0,"rowsLen":0,"where":" AND importance IN (?)"},"timestamp":1772604378547}
{"sessionId":"b210d7","hypothesisId":"D","location":"hotspots.js:router.get","message":"backend filter","data":{"reqQueryKeys":["page","limit","sort","importance"],"srcCondWhere":""},"timestamp":1772604379185}
{"sessionId":"b210d7","hypothesisId":"D","location":"hotspots.js:router.get:result","message":"backend result","data":{"total":1,"rowsLen":1,"firstSource":"twitter","where":" AND importance IN (?,?)"},"timestamp":1772604379186}
{"sessionId":"b210d7","hypothesisId":"D","location":"hotspots.js:router.get","message":"backend filter","data":{"reqQueryKeys":["page","limit","sort","importance"],"srcCondWhere":""},"timestamp":1772604380925}
{"sessionId":"b210d7","hypothesisId":"D","location":"hotspots.js:router.get:result","message":"backend result","data":{"total":0,"rowsLen":0,"where":" AND importance IN (?)"},"timestamp":1772604380925}
{"sessionId":"b210d7","hypothesisId":"D","location":"hotspots.js:router.get","message":"backend filter","data":{"reqQueryKeys":["page","limit","sort"],"srcCondWhere":""},"timestamp":1772604381678}
{"sessionId":"b210d7","hypothesisId":"D","location":"hotspots.js:router.get:result","message":"backend result","data":{"total":50,"rowsLen":20,"firstSource":"twitter","where":""},"timestamp":1772604381679}
{"sessionId":"b210d7","hypothesisId":"D","location":"hotspots.js:router.get","message":"backend filter","data":{"reqQueryKeys":["page","limit","sort","importance"],"srcCondWhere":""},"timestamp":1772604381942}
{"sessionId":"b210d7","hypothesisId":"D","location":"hotspots.js:router.get:result","message":"backend result","data":{"total":1,"rowsLen":1,"firstSource":"twitter","where":" AND importance IN (?)"},"timestamp":1772604381942}
{"sessionId":"b210d7","hypothesisId":"D","location":"hotspots.js:router.get","message":"backend filter","data":{"reqQueryKeys":["page","limit","sort"],"srcCondWhere":""},"timestamp":1772604383011}
{"sessionId":"b210d7","hypothesisId":"D","location":"hotspots.js:router.get:result","message":"backend result","data":{"total":50,"rowsLen":20,"firstSource":"twitter","where":""},"timestamp":1772604383012}
{"sessionId":"b210d7","hypothesisId":"D","location":"hotspots.js:router.get","message":"backend filter","data":{"reqQueryKeys":["page","limit","sort","timeRange","dateFrom","dateTo"],"srcCondWhere":""},"timestamp":1772604399295}
{"sessionId":"b210d7","hypothesisId":"D","location":"hotspots.js:router.get:result","message":"backend result","data":{"total":0,"rowsLen":0,"where":" AND COALESCE(published_at, created_at) >= ? AND COALESCE(published_at, created_at) <= ?"},"timestamp":1772604399295}
{"sessionId":"b210d7","hypothesisId":"D","location":"hotspots.js:router.get","message":"backend filter","data":{"reqQueryKeys":["page","limit","sort","timeRange","dateTo"],"srcCondWhere":""},"timestamp":1772604403970}
{"sessionId":"b210d7","hypothesisId":"D","location":"hotspots.js:router.get:result","message":"backend result","data":{"total":50,"rowsLen":20,"firstSource":"twitter","where":""},"timestamp":1772604403971}
{"sessionId":"b210d7","hypothesisId":"D","location":"hotspots.js:router.get","message":"backend filter","data":{"reqQueryKeys":["page","limit","sort","timeRange","dateFrom","dateTo"],"srcCondWhere":""},"timestamp":1772604407451}
{"sessionId":"b210d7","hypothesisId":"D","location":"hotspots.js:router.get:result","message":"backend result","data":{"total":0,"rowsLen":0,"where":" AND COALESCE(published_at, created_at) >= ? AND COALESCE(published_at, created_at) <= ?"},"timestamp":1772604407451}
{"sessionId":"b210d7","hypothesisId":"D","location":"hotspots.js:router.get","message":"backend filter","data":{"reqQueryKeys":["page","limit","sort","timeRange","dateTo"],"srcCondWhere":""},"timestamp":1772604410225}
{"sessionId":"b210d7","hypothesisId":"D","location":"hotspots.js:router.get:result","message":"backend result","data":{"total":50,"rowsLen":20,"firstSource":"twitter","where":""},"timestamp":1772604410225}
{"sessionId":"b210d7","hypothesisId":"D","location":"hotspots.js:router.get","message":"backend filter","data":{"reqQueryKeys":["page","limit","sort"],"srcCondWhere":""},"timestamp":1772604413501}
{"sessionId":"b210d7","hypothesisId":"D","location":"hotspots.js:router.get:result","message":"backend result","data":{"total":50,"rowsLen":20,"firstSource":"twitter","where":""},"timestamp":1772604413501}
{"sessionId":"b210d7","hypothesisId":"D","location":"hotspots.js:router.get","message":"backend filter","data":{"reqQueryKeys":["page","limit","sort","timeRange"],"srcCondWhere":""},"timestamp":1772604420864}
{"sessionId":"b210d7","hypothesisId":"D","location":"hotspots.js:router.get:result","message":"backend result","data":{"total":50,"rowsLen":20,"firstSource":"twitter","where":""},"timestamp":1772604420865}
{"sessionId":"b210d7","hypothesisId":"D","location":"hotspots.js:router.get","message":"backend filter","data":{"reqQueryKeys":["limit"],"srcCondWhere":""},"timestamp":1772604503288}
{"sessionId":"b210d7","hypothesisId":"D","location":"hotspots.js:router.get:result","message":"backend result","data":{"total":50,"rowsLen":1,"firstSource":"twitter","where":""},"timestamp":1772604503288}
{"sessionId":"b210d7","hypothesisId":"D","location":"hotspots.js:router.get","message":"backend filter","data":{"reqQueryKeys":["limit"],"srcCondWhere":""},"timestamp":1772604503339}
{"sessionId":"b210d7","hypothesisId":"D","location":"hotspots.js:router.get:result","message":"backend result","data":{"total":50,"rowsLen":1,"firstSource":"twitter","where":""},"timestamp":1772604503340}
{"sessionId":"b210d7","hypothesisId":"D","location":"hotspots.js:router.get","message":"backend filter","data":{"reqQueryKeys":["limit","sort"],"srcCondWhere":""},"timestamp":1772604503341}
{"sessionId":"b210d7","hypothesisId":"D","location":"hotspots.js:router.get:result","message":"backend result","data":{"total":50,"rowsLen":9,"firstSource":"twitter","where":""},"timestamp":1772604503341}
{"sessionId":"b210d7","hypothesisId":"D","location":"hotspots.js:router.get","message":"backend filter","data":{"reqQueryKeys":["page","limit","sort"],"srcCondWhere":""},"timestamp":1772604522082}
{"sessionId":"b210d7","hypothesisId":"D","location":"hotspots.js:router.get:result","message":"backend result","data":{"total":50,"rowsLen":20,"firstSource":"twitter","where":""},"timestamp":1772604522082}
{"sessionId":"b210d7","hypothesisId":"D","location":"hotspots.js:router.get","message":"backend filter","data":{"reqQueryKeys":["page","limit","sort","timeRange"],"srcCondWhere":""},"timestamp":1772604524533}
{"sessionId":"b210d7","hypothesisId":"D","location":"hotspots.js:router.get:result","message":"backend result","data":{"total":50,"rowsLen":20,"firstSource":"twitter","where":""},"timestamp":1772604524533}
